:          x            x.rc         :=
SH001     0         -97.6124
SH002     0        -118.339
SH003     0        -167.655
SH004     0         -87.6561
SH005     0        -136.972
SH006     0         -36.9689
SH007     0        -104.146
SH008     0         -45.9047
SH009     0        -211.063
SH010     0         -99.5913
SH011     0        -120.752
SH012     0        -182.31
SH013     0        -145.539
SH014     0        -133.158
SH015     0         -48.1364
SH016     0        -159.991
SH017     0         -84.9171
SH018     0         -84.2121
SH019     0        -206.207
SH020     0        -104.738
SH021     0        -136.862
SH022     0         -30.0604
SH023     0         -23.674
SH024     0        -273.127
SH025     0        -187.581
SH026     0         -25.0471
SH027     0        -147.25
SH028     0        -130.903
SH029     0         -21.7574
SH030     0         -65.7498
SH031     0        -149.937
SH032     0        -160.14
SH033     0         -99.3091
SH034     0        -160.044
SH035     0        -231.003
SH036     0        -115.329
SH037     0        -116.397
SH038     0         -75.8986
SH039     0        -101.523
SH040     0        -230.447
SH041     0        -157.686
SH042    28.2367      0
SH043     0        -138.715
SH044     0        -161.711
SH045     0         -26.953
SH046     0        -175.975
SH047   207.799       1.42109e-14
SH048     0        -121.492
SH049     0        -138.371
SH050     0        -199.448
SH051     0        -103.6
SH052     0         -87.1073
SH053     0         -39.5397
SH054     0        -187.882
SH055   156.458      -7.10543e-15
SH056     0         -42.2195
SH057     0        -121.037
SH058     0        -176.602
SH059     0         -83.7655
SH060     0        -109.72
SH061     0        -250.992
SH062     0        -182.559
SH063     0        -140.5
SH064     0        -152.005
SH065     0        -113.189
SH066     0        -176.003
SH067     0        -140.496
SH068   425           0
SH069     0         -33.69
SH070     0        -124.955
SH071     0        -159.219
SH072     0         -11.0217
SH073     0        -169.045
SH074     0        -150.551
SH075     0        -149.27
SH076     0        -108.709
SH077     0         -92.1172
SH078     0        -147.326
SH079     0        -190.545
SH080     0         -75.824
SH081     0        -139.727
SH082     0         -96.9433
SH083     0        -241.551
SH084     0         -68.747
SH085     0        -116.433
SH086     0         -42.5695
SH087     0        -319.732
SH088     0        -267.267
SH089     0        -192.965
SH090     0        -235.696
SH091     0        -206.694
SH092     0        -136.101
SH093     0         -26.8413
SH094     0        -154.257
SH095     0        -257.375
SH096     0        -241.158
SH097     0         -59.4366
SH098     0        -176.638
SH099     0        -116.802
SH100     0        -142.523
SH101    80.7251     -7.10543e-15
SH102     0        -109.128
SH103     0         -70.3759
SH104     0         -43.1836
SH105     0        -109.773
SH106     0        -132.573
SH107     0         -81.9947
SH108     0        -107.178
SH109     0        -209.509
SH110     0         -75.2117
SH111    19.8529      7.10543e-15
SH112     0         -85.7845
SH113     0        -149.218
SH114     0         -66.1056
SH115     0        -186.746
SH116     0        -148.314
SH117     0         -97.6507
SH118     0         -63.2763
SH119     0         -36.7471
SH120     0        -161.808
SH121     0         -88.2967
SH122     0         -46.3224
SH123   113.521      -7.10543e-15
SH124     0         -26.7061
SH125     0         -41.0639
SH126     0        -119.214
SH127     0        -145.98
SH128     0        -246.784
SH129     0         -80.5677
SH130     0        -211.117
SH131     0        -226.956
SH132     0         -90.8868
SH133     0         -82.7711
SH134     0        -262.116
SH135     0        -168.077
SH136     0         -52.9845
SH137     0        -230.454
SH138     0        -113.348
SH139     0         -71.8021
SH140     0         -20.9419
SH141     0         -56.4777
SH142     0         -98.7225
SH143     0        -147.092
SH144     0        -157.097
SH145     0         -88.0666
SH146     0        -232.738
SH147     0        -140.283
SH148     0         -23.9392
SH149     0        -126.381
SH150     0        -224.61
SH151   357.46       -7.10543e-15
SH152     0        -103.115
SH153     0        -117.493
SH154     0        -195.621
SH155     0         -94.9232
SH156     0        -107.738
SH157     0        -206.354
SH158     0         -83.965
SH159     0        -123.335
SH160     0         -93.7522
SH161     0        -126.016
SH162     0        -214.214
SH163     0        -118.543
SH164     0        -164.006
SH165     0        -126.006
SH166     0        -209.874
SH167     0        -175.272
SH168     0        -132.494
SH169     0         -35.184
SH170     0        -163.363
SH171     0         -59.0506
SH172     0        -148.008
SH173     0        -137.054
SH174   135.163       0
SH175     0         -66.3207
SH176     0        -242.25
SH177     0        -157.274
SH178     0        -154.398
SH179     0        -183.565
SH180     0        -205.533
SH181     0         -86.7436
SH182     0         -50.1768
SH183     0         -68.0163
SH184     0         -29.7841
SH185     0        -100.165
SH186     0        -179.226
SH187     0         -16.9214
SH188     0        -209.654
SH189     0        -156.669
SH190     0         -89.259
SH191     0         -64.1541
SH192     0        -227.27
SH193     0         -55.1594
SH194   113.467       1.42109e-14
SH195     0        -192.197
SH196     0         -35.6878
SH197     0        -237.689
SH198     0        -154.625
SH199     0        -202.34
SH200     0         -81.3905
SH201     0        -155.04
SH202     0         -55.6126
SH203     0        -168.865
SH204     0         -41.2681
SH205     0        -164.196
SH206     0         -64.8798
SH207     0         -66.3382
SH208     0         -70.5556
SH209     0         -97.0339
SH210     0        -132.773
SH211     0         -75.9722
SH212     0         -69.3952
SH213     0        -201.355
SH214     0         -32.2068
SH215     0         -88.3842
SH216     0        -169.39
SH217     0         -29.4241
SH218     0         -36.189
SH219     0         -69.3125
SH220     0        -248.608
SH221     0        -190.349
SH222   106.934      -3.55271e-15
SH223     0        -152.483
SH224     0         -75.0238
SH225     0         -68.3692
SH226     0        -125.446
SH227     0        -212.966
SH228     0        -105.88
SH229     0         -92.0514
SH230     0        -113.103
SH231   359.642      -7.10543e-15
SH232     0         -95.3974
SH233     0        -123.038
SH234     0        -134.923
SH235     0        -287.005
SH236     0        -220.455
SH237     0        -171.976
SH238     0         -33.8404
SH239     0        -135.198
SH240     0        -281.359
SH241     0         -90.2049
SH242     0         -64.0275
SH243     0        -132.589
SH244     0        -156.65
SH245     0        -136.91
SH246   380.429      -1.42109e-14
SH247     0        -194.825
SH248     8.6705      7.10543e-15
SH249     0        -232.557
SH250     0        -166
SH251     0        -109.926
SH252     0        -342.561
SH253     0        -272.445
SH254     0        -192.763
SH255     0        -305.233
SH256     0        -186.016
SH257     0         -53.6003
SH258     0        -149.936
SH259     0        -127.605
SH260     0         -93.4029
SH261     0        -138.232
SH262     0        -146.776
SH263     0        -236.966
SH264     0         -88.5879
SH265     0        -190.773
SH266     0        -225.883
SH267     0         -37.9589
SH268     0         -73.9053
SH269     0         -50.0206
SH270     0        -111.304
SH271     0        -252.782
SH272     0        -125.913
SH273     0        -103.495
SH274     0         -86.7597
SH275     0          -0.484313
SH276   239.228      -7.10543e-15
SH277     0         -86.2573
SH278     0        -103.559
SH279     0         -65.8098
SH280     0         -31.492
SH281     0         -97.9098
SH282     0        -100.727
SH283     0         -68.1231
SH284     0        -152.974
SH285    88.8028      0
SH286     0        -320.896
SH287     0        -206.752
SH288     0         -30.3981
SH289     0        -100.174
SH290     0        -235.181
SH291     0         -90.2217
SH292     0        -114.965
SH293     0        -316.035
SH294     0        -207.095
SH295     0        -162.368
SH296     0        -122.704
SH297     0        -194.064
SH298     0        -168.635
SH299     0         -63.5361
SH300     0        -185.46
SH301     0        -112.926
SH302     0        -181.842
SH303     0         -81.2009
SH304     0        -220.526
SH305     0        -153.57
SH306     0         -97.185
SH307     0        -175.192
SH308     0         -93.4476
SH309     0        -192.493
SH310     0         -51.619
SH311     0         -78.4955
SH312     0        -194.942
SH313     0        -199.547
SH314     0        -248.415
SH315     0         -79.1316
SH316     0        -109.777
SH317     0        -126.433
SH318     0        -214.925
SH319     0        -113.951
SH320     0        -343.942
SH321     0         -44.1834
SH322     0         -57.4551
SH323     0          -3.03266
SH324     0        -130.663
SH325     0        -426.77
SH326     0        -137.111
SH327     0         -12.7716
SH328     0         -94.3543
SH329     0         -50.4983
SH330     0         -66.9049
SH331     0        -215.309
SH332     0        -135.85
SH333     0        -185.147
SH334     0        -340.213
SH335     0         -76.9241
SH336     0        -132.356
SH337     0        -142.147
SH338     0        -180.405
SH339     0         -27.6937
SH340     0        -278.655
SH341     0         -98.6765
SH342     0        -126.283
SH343     0         -54.9429
SH344     0          -6.78948
SH345     0        -379.299
SH346     0         -25.459
SH347     0        -163.891
SH348     0        -191.947
SH349     0        -236.768
SH350     0         -73.4319
SH351     0         -35.9011
SH352     0        -168.449
SH353     0        -146.493
SH354     0         -68.6637
SH355     0         -75.5475
SH356     0         -79.8591
SH357   218.864      -7.10543e-15
SH358     0        -176.697
SH359     0         -57.1309
SH360     0         -83.968
SH361     0         -75.8844
SH362     0        -108.436
SH363     0        -141.538
SH364     0        -111.346
SH365     0        -137.817
SH366     0        -267.908
SH367     0         -58.7635
SH368   112.682       1.77636e-14
SH369     0        -172.944
SH370     0          -9.6147
SH371     0        -125.808
SH372     0        -272.196
SH373     0        -219.518
SH374     0         -31.1013
SH375     0        -103.511
SH376     0         -94.88
SH377     0        -204.825
SH378     0        -283.361
SH379     0         -77.62
SH380     0         -65.918
SH381     0        -189.355
SH382     0        -122.404
SH383     0        -104.091
SH384     0        -126.791
SH385     0         -74.5991
SH386     0         -18.3589
SH387   376.949      -1.42109e-14
SH388     0        -146.251
SH389     0        -135.045
SH390     0         -92.474
SH391     0        -166.642
SH392     0        -170.87
SH393     0        -131.635
SH394     0        -261.826
SH395     0        -191.284
SH396     0        -171.259
SH397     0        -107.399
SH398     0        -225.113
SH399     0        -142.365
SH400     0        -179.893
SH401     0        -191.189
SH402     0         -46.8018
SH403     0        -112.929
SH404     0        -199.763
SH405     0         -83.9945
SH406     0        -233.435
SH407     0        -165.034
SH408     0         -84.822
SH409     0        -109.814
SH410     0        -118.642
SH411     0        -182.804
SH412     0        -190.502
SH413     0         -62.1024
SH414     0         -57.801
SH415     0        -155.473
SH416     0        -105.493
SH417     0         -84.7908
SH418     0        -165.242
SH419     0        -144.773
SH420     0        -224.108
SH421     0        -287.097
SH422     0        -107.499
SH423     0        -113.928
SH424     0         -62.343
SH425     0         -60.5746
SH426     0        -114.07
SH427     0        -310.007
SH428     0        -155.025
SH429     0        -103.177
SH430     0        -129.294
SH431     0         -30.0336
SH432     0        -203.356
SH433     0        -126.888
SH434     0        -109.073
SH435     0        -128.42
SH436     0         -62.0283
SH437     0        -116.184
SH438     0         -90.0793
SH439    54.0513      0
SH440     0          -0.347621
SH441     0         -90.9259
SH442     0        -121.034
SH443     0        -104.592
SH444     0         -59.7792
SH445     0        -184.406
SH446     0         -24.3661
SH447     0        -264.889
SH448     0        -231.656
SH449     0        -147.924
SH450     0         -48.5315
SH451     0        -237.833
SH452     0        -138.43
SH453     0        -117.737
SH454     0         -98.9625
SH455     0        -187.543
SH456     0        -195.173
SH457     0        -131.23
SH458     0        -257.198
SH459     0        -189.029
SH460     0         -91.2512
SH461     0         -96.8589
SH462     0         -54.6672
SH463     0         -16.0059
SH464     0        -153.364
SH465     0        -114.932
SH466     0        -213.964
SH467     0        -160.747
SH468     0         -68.3044
SH469     0        -129.103
SH470     0         -62.5378
SH471     0        -123.855
SH472     0        -106.75
SH473     0        -165.3
SH474     0         -86.9421
SH475     0         -24.8529
SH476     0        -169.492
SH477     0        -208.28
SH478     0        -170.769
SH479     0          -1.20729
SH480     0        -320.724
SH481     0        -168.844
SH482     0        -158.405
SH483     0        -142.433
SH484     0        -162.419
SH485     0        -190.018
SH486     0         -55.4761
SH487     0         -96.5329
SH488     0         -21.2913
SH489     0         -96.5957
SH490     0        -149.42
SH491     0        -179.967
SH492     0        -192.989
SH493     0        -170.721
SH494     0        -231.501
SH495     0        -225.91
SH496     0        -119.048
SH497     0        -127.525
SH498     0        -249.664
SH499     0         -92.301
SH500     0        -181.907
SH501     0        -178.192
SH502   474           0
SH503     0         -82.2415
SH504   131.543       0
SH505     0         -65.8633
SH506     0        -230.534
SH507     0        -122.631
SH508     0        -114.777
SH509     0         -42.0533
SH510     0         -34.7259
SH511     0        -238.023
SH512     0         -44.5591
SH513     0        -119.384
SH514     0        -329.331
SH515     0        -100.299
SH516     0        -210.725
SH517   253.388       0
SH518     0         -70.8927
SH519     0         -37.4331
SH520     0         -83.9524
SH521     0        -297.845
SH522     0        -103.745
SH523     0         -21.2821
SH524     0        -131.63
SH525     0        -169.936
SH526     0          -3.46877
SH527     0         -66.1225
SH528   455           0
SH529     0         -96.4269
SH530     0         -58.0947
SH531     0        -209.063
SH532     0        -106.848
SH533     0         -82.3587
SH534     0        -227.563
SH535     0        -172.246
SH536     0        -195.158
SH537     0        -132.773
SH538     0         -63.7053
SH539     0        -256.537
SH540     0        -163.308
SH541     0         -71.5474
SH542    16.9491      0
SH543     0        -155.123
SH544     0        -106.547
SH545     0        -124.185
SH546     0        -209.015
SH547     0         -87.6747
SH548     0        -251.66
SH549     0         -61.7269
SH550     0        -122.629
SH551     0        -214.424
SH552     0         -10.1405
SH553     0        -128.974
SH554     0         -80.6386
SH555     0         -81.563
SH556     0        -266.023
SH557     0        -167.899
;

