The maximum profit is: 11820811.45.
The optimal x-values (shoes produced) are: 
Budget is not binding.
Time Constraint is not binding.
Time Constraint is not binding.
Time Constraint is not binding.
Time Constraint is not binding.
Time Constraint is not binding.
Time Constraint is not binding.
Time Constraint is not binding.
Time Constraint is not binding.
Time Constraint is not binding.
Time Constraint is not binding.
Time Constraint is not binding.
Time Constraint is not binding.
Time Constraint is not binding.
Time Constraint is not binding.
Time Constraint is not binding.
Time Constraint is not binding.
Time Constraint is not binding.
Time Constraint is not binding.
Time Constraint is not binding.
Time Constraint is not binding.
Time Constraint is not binding.
Time Constraint is not binding.
Time Constraint is not binding.
Time Constraint is not binding.
Time Constraint is not binding.
Time Constraint is not binding.
Time Constraint is not binding.
Time Constraint is not binding.
Time Constraint is not binding.
Time Constraint is not binding.
Time Constraint is not binding.
Time Constraint is not binding.
Time Constraint is not binding.
Time Constraint is not binding.
Time Constraint is not binding.
Time Constraint is not binding.
Time Constraint is not binding.
Time Constraint is not binding.
Time Constraint is not binding.
Time Constraint is not binding.
Time Constraint is not binding.
Time Constraint is not binding.
Time Constraint is not binding.
Time Constraint is not binding.
Time Constraint is not binding.
Time Constraint is not binding.
Time Constraint is not binding.
Time Constraint is not binding.
Time Constraint is not binding.
Time Constraint is not binding.
Time Constraint is not binding.
Time Constraint is not binding.
Time Constraint is not binding.
Time Constraint is not binding.
Time Constraint is not binding.
Time Constraint is not binding.
Time Constraint is not binding.
Time Constraint is not binding.
Time Constraint is not binding.
Time Constraint is not binding.
Time Constraint is not binding.
Time Constraint is not binding.
Time Constraint is not binding.
Time Constraint is not binding.
Time Constraint is not binding.
Time Constraint is not binding.
Time Constraint is not binding.
Time Constraint is not binding.
Time Constraint is not binding.
Time Constraint is not binding.
Time Constraint is not binding.
Time Constraint is not binding.
Warehouse Capacity is not binding.
Raw Material Quantity Available is binding.
Raw Material Quantity Available is binding.
Raw Material Quantity Available is not binding.
Raw Material Quantity Available is not binding.
Raw Material Quantity Available is binding.
Raw Material Quantity Available is not binding.
Raw Material Quantity Available is not binding.
Raw Material Quantity Available is not binding.
Raw Material Quantity Available is binding.
Raw Material Quantity Available is binding.
Raw Material Quantity Available is not binding.
Raw Material Quantity Available is not binding.
Raw Material Quantity Available is not binding.
Raw Material Quantity Available is not binding.
Raw Material Quantity Available is binding.
Raw Material Quantity Available is not binding.
Raw Material Quantity Available is not binding.
Raw Material Quantity Available is not binding.
Raw Material Quantity Available is not binding.
Raw Material Quantity Available is binding.
Raw Material Quantity Available is not binding.
Raw Material Quantity Available is binding.
Raw Material Quantity Available is binding.
Raw Material Quantity Available is not binding.
Raw Material Quantity Available is not binding.
Raw Material Quantity Available is not binding.
Raw Material Quantity Available is binding.
Raw Material Quantity Available is not binding.
Raw Material Quantity Available is not binding.
Raw Material Quantity Available is not binding.
Raw Material Quantity Available is binding.
Raw Material Quantity Available is binding.
Raw Material Quantity Available is not binding.
Raw Material Quantity Available is not binding.
Raw Material Quantity Available is not binding.
Raw Material Quantity Available is not binding.
Raw Material Quantity Available is binding.
Raw Material Quantity Available is binding.
Raw Material Quantity Available is not binding.
Raw Material Quantity Available is not binding.
Raw Material Quantity Available is binding.
Raw Material Quantity Available is binding.
Raw Material Quantity Available is binding.
Raw Material Quantity Available is binding.
Raw Material Quantity Available is not binding.
Raw Material Quantity Available is not binding.
Raw Material Quantity Available is not binding.
Raw Material Quantity Available is not binding.
Raw Material Quantity Available is not binding.
Raw Material Quantity Available is binding.
Raw Material Quantity Available is not binding.
Raw Material Quantity Available is not binding.
Raw Material Quantity Available is not binding.
Raw Material Quantity Available is not binding.
Raw Material Quantity Available is binding.
Raw Material Quantity Available is binding.
Raw Material Quantity Available is binding.
Raw Material Quantity Available is not binding.
Raw Material Quantity Available is not binding.
Raw Material Quantity Available is binding.
Raw Material Quantity Available is binding.
Raw Material Quantity Available is binding.
Raw Material Quantity Available is not binding.
Raw Material Quantity Available is binding.
Raw Material Quantity Available is binding.
Raw Material Quantity Available is binding.
Raw Material Quantity Available is not binding.
Raw Material Quantity Available is not binding.
Raw Material Quantity Available is binding.
Raw Material Quantity Available is binding.
Raw Material Quantity Available is not binding.
Raw Material Quantity Available is not binding.
Raw Material Quantity Available is not binding.
Raw Material Quantity Available is binding.
Raw Material Quantity Available is binding.
Raw Material Quantity Available is binding.
Raw Material Quantity Available is not binding.
Raw Material Quantity Available is not binding.
Raw Material Quantity Available is binding.
Raw Material Quantity Available is binding.
Raw Material Quantity Available is binding.
Raw Material Quantity Available is binding.
Raw Material Quantity Available is not binding.
Raw Material Quantity Available is binding.
Raw Material Quantity Available is binding.
Raw Material Quantity Available is binding.
Raw Material Quantity Available is binding.
Raw Material Quantity Available is binding.
Raw Material Quantity Available is not binding.
Raw Material Quantity Available is binding.
Raw Material Quantity Available is not binding.
Raw Material Quantity Available is not binding.
Raw Material Quantity Available is not binding.
Raw Material Quantity Available is binding.
Raw Material Quantity Available is not binding.
Raw Material Quantity Available is binding.
Raw Material Quantity Available is binding.
Raw Material Quantity Available is binding.
Raw Material Quantity Available is not binding.
Raw Material Quantity Available is binding.
Raw Material Quantity Available is not binding.
Raw Material Quantity Available is not binding.
Raw Material Quantity Available is binding.
Raw Material Quantity Available is not binding.
Raw Material Quantity Available is binding.
Raw Material Quantity Available is binding.
Raw Material Quantity Available is not binding.
Raw Material Quantity Available is binding.
Raw Material Quantity Available is not binding.
Raw Material Quantity Available is not binding.
Raw Material Quantity Available is not binding.
Raw Material Quantity Available is not binding.
Raw Material Quantity Available is binding.
Raw Material Quantity Available is binding.
Raw Material Quantity Available is not binding.
Raw Material Quantity Available is binding.
Raw Material Quantity Available is binding.
Raw Material Quantity Available is binding.
Raw Material Quantity Available is binding.
Raw Material Quantity Available is binding.
Raw Material Quantity Available is binding.
Raw Material Quantity Available is binding.
Raw Material Quantity Available is binding.
Raw Material Quantity Available is binding.
Raw Material Quantity Available is binding.
Raw Material Quantity Available is not binding.
Raw Material Quantity Available is binding.
Raw Material Quantity Available is binding.
Raw Material Quantity Available is binding.
Raw Material Quantity Available is not binding.
Raw Material Quantity Available is not binding.
Raw Material Quantity Available is binding.
Raw Material Quantity Available is binding.
Raw Material Quantity Available is binding.
Raw Material Quantity Available is binding.
Raw Material Quantity Available is binding.
Raw Material Quantity Available is binding.
Raw Material Quantity Available is binding.
Raw Material Quantity Available is binding.
Raw Material Quantity Available is not binding.
Raw Material Quantity Available is not binding.
Raw Material Quantity Available is binding.
Raw Material Quantity Available is not binding.
Raw Material Quantity Available is binding.
Raw Material Quantity Available is binding.
Raw Material Quantity Available is binding.
Raw Material Quantity Available is binding.
Raw Material Quantity Available is not binding.
Raw Material Quantity Available is binding.
Raw Material Quantity Available is binding.
Raw Material Quantity Available is binding.
Raw Material Quantity Available is binding.
Raw Material Quantity Available is binding.
Raw Material Quantity Available is not binding.
Raw Material Quantity Available is binding.
Raw Material Quantity Available is not binding.
Raw Material Quantity Available is binding.
Raw Material Quantity Available is binding.
Raw Material Quantity Available is binding.
Raw Material Quantity Available is not binding.
Raw Material Quantity Available is binding.
Raw Material Quantity Available is binding.
Raw Material Quantity Available is binding.
Raw Material Quantity Available is not binding.
Raw Material Quantity Available is not binding.
Demand is not binding.
Demand is binding.
Demand is not binding.
Demand is not binding.
Demand is not binding.
Demand is not binding.
Demand is not binding.
Demand is not binding.
Demand is not binding.
Demand is not binding.
Demand is binding.
Demand is not binding.
Demand is binding.
Demand is not binding.
Demand is not binding.
Demand is not binding.
Demand is not binding.
Demand is not binding.
Demand is not binding.
Demand is not binding.
Demand is not binding.
Demand is not binding.
Demand is not binding.
Demand is not binding.
Demand is binding.
Demand is not binding.
Demand is binding.
Demand is not binding.
Demand is not binding.
Demand is not binding.
Demand is not binding.
Demand is binding.
Demand is not binding.
Demand is binding.
Demand is not binding.
Demand is not binding.
Demand is not binding.
Demand is binding.
Demand is binding.
Demand is binding.
Demand is not binding.
Demand is not binding.
Demand is not binding.
Demand is binding.
Demand is not binding.
Demand is not binding.
Demand is binding.
Demand is not binding.
Demand is not binding.
Demand is binding.
Demand is not binding.
Demand is not binding.
Demand is not binding.
Demand is not binding.
Demand is not binding.
Demand is not binding.
Demand is not binding.
Demand is binding.
Demand is not binding.
Demand is not binding.
Demand is not binding.
Demand is binding.
Demand is binding.
Demand is not binding.
Demand is not binding.
Demand is not binding.
Demand is not binding.
Demand is not binding.
Demand is not binding.
Demand is not binding.
Demand is not binding.
Demand is not binding.
Demand is not binding.
Demand is not binding.
Demand is not binding.
Demand is not binding.
Demand is not binding.
Demand is binding.
Demand is not binding.
Demand is binding.
Demand is not binding.
Demand is not binding.
Demand is not binding.
Demand is not binding.
Demand is not binding.
Demand is not binding.
Demand is binding.
Demand is binding.
Demand is not binding.
Demand is binding.
Demand is not binding.
Demand is not binding.
Demand is not binding.
Demand is not binding.
Demand is binding.
Demand is binding.
Demand is not binding.
Demand is not binding.
Demand is not binding.
Demand is not binding.
Demand is not binding.
Demand is not binding.
Demand is not binding.
Demand is not binding.
Demand is binding.
Demand is not binding.
Demand is not binding.
Demand is not binding.
Demand is not binding.
Demand is binding.
Demand is not binding.
Demand is not binding.
Demand is binding.
Demand is not binding.
Demand is not binding.
Demand is not binding.
Demand is not binding.
Demand is not binding.
Demand is not binding.
Demand is not binding.
Demand is binding.
Demand is not binding.
Demand is not binding.
Demand is not binding.
Demand is not binding.
Demand is not binding.
Demand is not binding.
Demand is not binding.
Demand is not binding.
Demand is not binding.
Demand is not binding.
Demand is not binding.
Demand is not binding.
Demand is binding.
Demand is not binding.
Demand is not binding.
Demand is not binding.
Demand is not binding.
Demand is not binding.
Demand is not binding.
Demand is not binding.
Demand is binding.
Demand is not binding.
Demand is binding.
Demand is not binding.
Demand is binding.
Demand is not binding.
Demand is not binding.
Demand is not binding.
Demand is binding.
Demand is not binding.
Demand is not binding.
Demand is not binding.
Demand is binding.
Demand is not binding.
Demand is not binding.
Demand is not binding.
Demand is not binding.
Demand is not binding.
Demand is not binding.
Demand is not binding.
Demand is not binding.
Demand is not binding.
Demand is not binding.
Demand is binding.
Demand is not binding.
Demand is not binding.
Demand is not binding.
Demand is not binding.
Demand is not binding.
Demand is not binding.
Demand is not binding.
Demand is not binding.
Demand is not binding.
Demand is not binding.
Demand is binding.
Demand is not binding.
Demand is not binding.
Demand is not binding.
Demand is not binding.
Demand is not binding.
Demand is not binding.
Demand is not binding.
Demand is not binding.
Demand is not binding.
Demand is not binding.
Demand is not binding.
Demand is not binding.
Demand is not binding.
Demand is not binding.
Demand is not binding.
Demand is not binding.
Demand is not binding.
Demand is not binding.
Demand is not binding.
Demand is not binding.
Demand is binding.
Demand is not binding.
Demand is not binding.
Demand is not binding.
Demand is binding.
Demand is not binding.
Demand is binding.
Demand is not binding.
Demand is not binding.
Demand is not binding.
Demand is not binding.
Demand is not binding.
Demand is binding.
Demand is not binding.
Demand is not binding.
Demand is not binding.
Demand is binding.
Demand is not binding.
Demand is not binding.
Demand is not binding.
Demand is not binding.
Demand is not binding.
Demand is not binding.
Demand is not binding.
Demand is binding.
Demand is not binding.
Demand is binding.
Demand is binding.
Demand is not binding.
Demand is binding.
Demand is not binding.
Demand is not binding.
Demand is not binding.
Demand is not binding.
Demand is not binding.
Demand is not binding.
Demand is binding.
Demand is binding.
Demand is binding.
Demand is binding.
Demand is not binding.
Demand is not binding.
Demand is not binding.
Demand is not binding.
Demand is not binding.
Demand is not binding.
Demand is not binding.
Demand is not binding.
Demand is not binding.
Demand is not binding.
Demand is binding.
Demand is not binding.
Demand is binding.
Demand is not binding.
Demand is not binding.
Demand is not binding.
Demand is binding.
Demand is binding.
Demand is not binding.
Demand is binding.
Demand is not binding.
Demand is not binding.
Demand is not binding.
Demand is not binding.
Demand is binding.
Demand is binding.
Demand is not binding.
Demand is not binding.
Demand is binding.
Demand is not binding.
Demand is not binding.
Demand is not binding.
Demand is binding.
Demand is not binding.
Demand is not binding.
Demand is not binding.
Demand is not binding.
Demand is not binding.
Demand is not binding.
Demand is not binding.
Demand is binding.
Demand is not binding.
Demand is not binding.
Demand is not binding.
Demand is not binding.
Demand is binding.
Demand is not binding.
Demand is not binding.
Demand is not binding.
Demand is not binding.
Demand is binding.
Demand is not binding.
Demand is not binding.
Demand is not binding.
Demand is not binding.
Demand is not binding.
Demand is not binding.
Demand is not binding.
Demand is binding.
Demand is not binding.
Demand is not binding.
Demand is not binding.
Demand is not binding.
Demand is binding.
Demand is not binding.
Demand is not binding.
Demand is not binding.
Demand is not binding.
Demand is not binding.
Demand is not binding.
Demand is not binding.
Demand is not binding.
Demand is not binding.
Demand is not binding.
Demand is not binding.
Demand is binding.
Demand is binding.
Demand is binding.
Demand is not binding.
Demand is not binding.
Demand is not binding.
Demand is not binding.
Demand is not binding.
Demand is binding.
Demand is not binding.
Demand is not binding.
Demand is not binding.
Demand is not binding.
Demand is binding.
Demand is not binding.
Demand is not binding.
Demand is not binding.
Demand is binding.
Demand is not binding.
Demand is not binding.
Demand is not binding.
Demand is not binding.
Demand is binding.
Demand is not binding.
Demand is not binding.
Demand is not binding.
Demand is not binding.
Demand is not binding.
Demand is not binding.
Demand is binding.
Demand is not binding.
Demand is not binding.
Demand is not binding.
Demand is not binding.
Demand is not binding.
Demand is not binding.
Demand is binding.
Demand is not binding.
Demand is not binding.
Demand is not binding.
Demand is binding.
Demand is not binding.
Demand is not binding.
Demand is not binding.
Demand is not binding.
Demand is not binding.
Demand is not binding.
Demand is not binding.
Demand is not binding.
Demand is binding.
Demand is binding.
Demand is not binding.
Demand is not binding.
Demand is not binding.
Demand is not binding.
Demand is binding.
Demand is not binding.
Demand is binding.
Demand is not binding.
Demand is not binding.
Demand is not binding.
Demand is binding.
Demand is not binding.
Demand is not binding.
Demand is not binding.
Demand is not binding.
Demand is binding.
Demand is not binding.
Demand is not binding.
Demand is not binding.
Demand is not binding.
Demand is not binding.
Demand is binding.
Demand is not binding.
Demand is not binding.
Demand is not binding.
Demand is not binding.
Demand is not binding.
Demand is not binding.
Demand is not binding.
Demand is not binding.
Demand is not binding.
Demand is not binding.
Demand is not binding.
Demand is not binding.
Demand is not binding.
Demand is not binding.
Demand is binding.
Demand is not binding.
Demand is not binding.
Demand is not binding.
Demand is not binding.
Demand is not binding.
Demand is not binding.
Demand is not binding.
Demand is binding.
Demand is not binding.
Demand is not binding.
Demand is not binding.
Demand is not binding.
Demand is not binding.
Demand is not binding.
Demand is not binding.
Demand is binding.
Demand is not binding.
Demand is binding.
Demand is not binding.
Demand is not binding.
Demand is not binding.
Demand is binding.
Demand is not binding.
Demand is not binding.
Demand is not binding.
Demand is binding.
Demand is not binding.
Demand is binding.
Demand is not binding.
Demand is not binding.
Demand is binding.
Demand is not binding.
Demand is not binding.
Demand is not binding.
Demand is not binding.
Demand is not binding.
Demand is not binding.
Demand is not binding.
Demand is not binding.
Demand is not binding.
Demand is not binding.
Demand is not binding.
Demand is not binding.
Demand is not binding.
Demand is not binding.
Demand is binding.
Demand is not binding.
Demand is binding.
Demand is not binding.
Demand is not binding.
Demand is not binding.
Demand is binding.
Demand is not binding.
Demand is binding.
Demand is not binding.
Demand is not binding.
Demand is binding.
Demand is not binding.
Demand is not binding.
Demand is not binding.
Demand is not binding.
Demand is not binding.
Demand is not binding.
Demand is not binding.
Demand is not binding.
Demand is not binding.
Demand is binding.
Demand is not binding.
Demand is not binding.
Demand is not binding.
Demand is not binding.
Demand is not binding.
Demand is not binding.
Demand is not binding.
Demand is not binding.
Demand is not binding.
Demand is binding.
Demand is binding.
Demand is not binding.
Demand is binding.
Demand is not binding.
Demand is not binding.
Demand is not binding.
Demand is binding.
Demand is not binding.
Demand is not binding.
Demand is not binding.
Demand is not binding.
Demand is not binding.
Demand is binding.
Demand is binding.
Demand is not binding.
Demand is not binding.
Demand is not binding.
Demand is not binding.
Demand is not binding.
Demand is not binding.
Demand is binding.
Demand is not binding.
Demand is not binding.
Demand is binding.
Demand is binding.
Demand is not binding.
Demand is not binding.
Demand is not binding.
Demand is not binding.
Demand is not binding.
Demand is not binding.
Demand is not binding.
Demand is not binding.
Demand is not binding.
Demand is binding.
Demand is not binding.
Demand is not binding.
Demand is binding.
Demand is not binding.
Demand is binding.
Demand is not binding.
Demand is not binding.
Demand is not binding.
Demand is not binding.
Demand is not binding.
Demand is not binding.
Demand is not binding.
Demand is not binding.
Demand is not binding.
Demand is not binding.
Demand is not binding.
Demand is not binding.
Demand is not binding.
Demand is not binding.
Demand is not binding.
Demand is binding.
Demand is not binding.
Demand is binding.
Demand is binding.
Demand is not binding.
Demand is not binding.
Demand is not binding.
Demand is not binding.
Demand is not binding.
Demand is not binding.
Demand is not binding.
Demand is not binding.
Demand is not binding.
Demand is not binding.
Demand is not binding.
Demand is not binding.
Demand is not binding.
Demand is not binding.
Demand is not binding.
Demand is not binding.
Demand is not binding.
Demand is not binding.
Demand is not binding.
Demand is not binding.
Demand is binding.
Demand is binding.
The shadow prices are: 
Budget_C.dual = 0

Op_Time_C.dual [*] :=
 1 0    8 0   15 0   22 0   29 0   36 0   43 0   50 0   57 0   64 0   71 0
 2 0    9 0   16 0   23 0   30 0   37 0   44 0   51 0   58 0   65 0   72 0
 3 0   10 0   17 0   24 0   31 0   38 0   45 0   52 0   59 0   66 0
 4 0   11 0   18 0   25 0   32 0   39 0   46 0   53 0   60 0   67 0
 5 0   12 0   19 0   26 0   33 0   40 0   47 0   54 0   61 0   68 0
 6 0   13 0   20 0   27 0   34 0   41 0   48 0   55 0   62 0   69 0
 7 0   14 0   21 0   28 0   35 0   42 0   49 0   56 0   63 0   70 0
;

Warehouse_C.dual = 0

Raw_Max_C.dual [*] :=
  1 0    18 0    35 0    52 0    69 0    86 0   103 0   120 0   137 0   154 0
  2 0    19 0    36 0    53 0    70 0    87 0   104 0   121 0   138 0   155 0
  3 0    20 0    37 0    54 0    71 0    88 0   105 0   122 0   139 0   156 0
  4 0    21 0    38 0    55 0    72 0    89 0   106 0   123 0   140 0   157 0
  5 0    22 0    39 0    56 0    73 0    90 0   107 0   124 0   141 0   158 0
  6 0    23 0    40 0    57 0    74 0    91 0   108 0   125 0   142 0   159 0
  7 0    24 0    41 0    58 0    75 0    92 0   109 0   126 0   143 0   160 0
  8 0    25 0    42 0    59 0    76 0    93 0   110 0   127 0   144 0   161 0
  9 0    26 0    43 0    60 0    77 0    94 0   111 0   128 0   145 0   162 0
 10 0    27 0    44 0    61 0    78 0    95 0   112 0   129 0   146 0   163 0
 11 0    28 0    45 0    62 0    79 0    96 0   113 0   130 0   147 0   164 0
 12 0    29 0    46 0    63 0    80 0    97 0   114 0   131 0   148 0   165 0
 13 0    30 0    47 0    64 0    81 0    98 0   115 0   132 0   149 0
 14 0    31 0    48 0    65 0    82 0    99 0   116 0   133 0   150 0
 15 0    32 0    49 0    66 0    83 0   100 0   117 0   134 0   151 0
 16 0    33 0    50 0    67 0    84 0   101 0   118 0   135 0   152 0
 17 0    34 0    51 0    68 0    85 0   102 0   119 0   136 0   153 0
;

Shoe_Demand_C.dual [*] :=
SH001   0        SH141   0        SH281   0        SH421 187.769
SH002 193.975    SH142 145.763    SH282 180.584    SH422   0
SH003   0        SH143   0        SH283   0        SH423   0
SH004   0        SH144 103.777    SH284   0        SH424   0
SH005   0        SH145   0        SH285   0        SH425 209.895
SH006   0        SH146 132.33     SH286   0        SH426   0
SH007   0        SH147   0        SH287 162.394    SH427 147.765
SH008   0        SH148   0        SH288   0        SH428   0
SH009   0        SH149   0        SH289   0        SH429   0
SH010   0        SH150 113.431    SH290   0        SH430 132.658
SH011 143.823    SH151   0        SH291   0        SH431   0
SH012   0        SH152   0        SH292   0        SH432   0
SH013 208.372    SH153   0        SH293   0        SH433   0
SH014   0        SH154 219.184    SH294   0        SH434   0
SH015   0        SH155   0        SH295 138.435    SH435   0
SH016   0        SH156   0        SH296   0        SH436   0
SH017   0        SH157   0        SH297   0        SH437   0
SH018   0        SH158   0        SH298   0        SH438   0
SH019   0        SH159   0        SH299   0        SH439   0
SH020   0        SH160   0        SH300 134.821    SH440   0
SH021   0        SH161   0        SH301   0        SH441   0
SH022   0        SH162   0        SH302   0        SH442   0
SH023   0        SH163   0        SH303   0        SH443   0
SH024   0        SH164   0        SH304   0        SH444   0
SH025 145.651    SH165 143.432    SH305   0        SH445 148.478
SH026   0        SH166   0        SH306   0        SH446   0
SH027 212.686    SH167   0        SH307   0        SH447 113.609
SH028   0        SH168   0        SH308   0        SH448   0
SH029   0        SH169   0        SH309   0        SH449   0
SH030   0        SH170   0        SH310   0        SH450   0
SH031   0        SH171   0        SH311   0        SH451 179.89
SH032 125.8      SH172   0        SH312 120.825    SH452   0
SH033   0        SH173   0        SH313 176.211    SH453 171.651
SH034 155.08     SH174   0        SH314 141.886    SH454   0
SH035   0        SH175   0        SH315   0        SH455   0
SH036   0        SH176 127.293    SH316   0        SH456 119.425
SH037   0        SH177   0        SH317   0        SH457   0
SH038 252.277    SH178   0        SH318   0        SH458   0
SH039 139.745    SH179   0        SH319   0        SH459   0
SH040 129.693    SH180   0        SH320 166.496    SH460   0
SH041   0        SH181   0        SH321   0        SH461   0
SH042   0        SH182   0        SH322   0        SH462   0
SH043   0        SH183   0        SH323   0        SH463   0
SH044  98.1345   SH184   0        SH324   0        SH464   0
SH045   0        SH185   0        SH325  63.1633   SH465   0
SH046   0        SH186   0        SH326   0        SH466 142.68
SH047 268.047    SH187   0        SH327   0        SH467   0
SH048   0        SH188   0        SH328   0        SH468   0
SH049   0        SH189   0        SH329 173.738    SH469   0
SH050 167.007    SH190   0        SH330   0        SH470   0
SH051   0        SH191   0        SH331   0        SH471   0
SH052   0        SH192   0        SH332   0        SH472   0
SH053   0        SH193   0        SH333   0        SH473   0
SH054   0        SH194   0        SH334 125.414    SH474   0
SH055   0        SH195   0        SH335   0        SH475   0
SH056   0        SH196   0        SH336   0        SH476 126.402
SH057   0        SH197 150.434    SH337   0        SH477 111.845
SH058 170.246    SH198   0        SH338   0        SH478   0
SH059   0        SH199   0        SH339   0        SH479 291.208
SH060   0        SH200   0        SH340   0        SH480   0
SH061   0        SH201 178.156    SH341 180.441    SH481   0
SH062 136.389    SH202   0        SH342   0        SH482   0
SH063 175.158    SH203 132.084    SH343   0        SH483 155.583
SH064   0        SH204   0        SH344   0        SH484   0
SH065   0        SH205   0        SH345   0        SH485   0
SH066   0        SH206   0        SH346   0        SH486   0
SH067   0        SH207   0        SH347   0        SH487   0
SH068   0        SH208   0        SH348 147.316    SH488   0
SH069   0        SH209 178.403    SH349   0        SH489 199.255
SH070   0        SH210   0        SH350   0        SH490 142.975
SH071   0        SH211   0        SH351   0        SH491   0
SH072   0        SH212   0        SH352 163.003    SH492   0
SH073   0        SH213 174.985    SH353   0        SH493   0
SH074   0        SH214   0        SH354   0        SH494   0
SH075   0        SH215   0        SH355   0        SH495   0
SH076   0        SH216   0        SH356   0        SH496   0
SH077   0        SH217   0        SH357   0        SH497 126.348
SH078 132.865    SH218   0        SH358   0        SH498   0
SH079   0        SH219   0        SH359   0        SH499   0
SH080 217.392    SH220   0        SH360   0        SH500 144.764
SH081   0        SH221 179.34     SH361 164.671    SH501 164.628
SH082   0        SH222   0        SH362 182.052    SH502   0
SH083   0        SH223 150.141    SH363   0        SH503   0
SH084   0        SH224 217.004    SH364   0        SH504   0
SH085   0        SH225   0        SH365   0        SH505   0
SH086   0        SH226 182.144    SH366   0        SH506   0
SH087 156.102    SH227   0        SH367 213.608    SH507   0
SH088 158.918    SH228   0        SH368   0        SH508   0
SH089   0        SH229   0        SH369 112.825    SH509   0
SH090 118.94     SH230   0        SH370   0        SH510   0
SH091   0        SH231   0        SH371   0        SH511 128.96
SH092   0        SH232   0        SH372   0        SH512   0
SH093   0        SH233 211.663    SH373 112.463    SH513   0
SH094   0        SH234 235.539    SH374   0        SH514 142.158
SH095 165.589    SH235 159.515    SH375   0        SH515   0
SH096 213.591    SH236  96.1327   SH376   0        SH516 133.228
SH097   0        SH237   0        SH377   0        SH517   0
SH098   0        SH238   0        SH378 101.042    SH518   0
SH099   0        SH239   0        SH379   0        SH519   0
SH100   0        SH240   0        SH380   0        SH520   0
SH101   0        SH241   0        SH381   0        SH521   0
SH102   0        SH242   0        SH382   0        SH522   0
SH103   0        SH243   0        SH383   0        SH523   0
SH104   0        SH244   0        SH384 174.227    SH524   0
SH105 196.361    SH245   0        SH385   0        SH525   0
SH106   0        SH246   0        SH386   0        SH526   0
SH107   0        SH247  91.0134   SH387   0        SH527   0
SH108   0        SH248   0        SH388   0        SH528   0
SH109   0        SH249  86.2229   SH389   0        SH529   0
SH110 209.012    SH250   0        SH390   0        SH530   0
SH111   0        SH251   0        SH391   0        SH531   0
SH112   0        SH252   0        SH392   0        SH532 166.104
SH113 215.602    SH253 212.498    SH393   0        SH533   0
SH114   0        SH254 102.733    SH394   0        SH534 115.23
SH115   0        SH255   0        SH395   0        SH535 172.572
SH116   0        SH256 112.969    SH396   0        SH536   0
SH117   0        SH257   0        SH397   0        SH537   0
SH118   0        SH258   0        SH398   0        SH538   0
SH119   0        SH259   0        SH399 198.028    SH539   0
SH120   0        SH260   0        SH400   0        SH540   0
SH121 251.751    SH261 151.72     SH401   0        SH541   0
SH122   0        SH262 188.087    SH402   0        SH542   0
SH123   0        SH263   0        SH403   0        SH543   0
SH124   0        SH264   0        SH404   0        SH544   0
SH125   0        SH265 174.004    SH405   0        SH545   0
SH126   0        SH266   0        SH406   0        SH546   0
SH127   0        SH267   0        SH407 154.257    SH547   0
SH128   0        SH268   0        SH408   0        SH548   0
SH129   0        SH269 188.848    SH409   0        SH549   0
SH130   0        SH270   0        SH410   0        SH550   0
SH131   0        SH271   0        SH411   0        SH551   0
SH132   0        SH272   0        SH412   0        SH552   0
SH133   0        SH273   0        SH413   0        SH553   0
SH134 127.571    SH274   0        SH414   0        SH554   0
SH135   0        SH275   0        SH415 102.071    SH555   0
SH136   0        SH276   0        SH416   0        SH556 112.004
SH137   0        SH277 187.696    SH417 260.316    SH557 170.023
SH138   0        SH278   0        SH418   0
SH139   0        SH279   0        SH419   0
SH140   0        SH280   0        SH420   0
;

